ï»ż========================================
SessĂÂŁo iniciada: 2025-12-02 11:24:06
Commit: 20 min | Push: 30 min
========================================
========================================
SessĂÂŁo iniciada: 2025-12-02 12:08:49
Commit: 20 min | Push: 30 min
========================================
========================================
SessĂÂŁo iniciada: 2025-12-02 13:07:53
Commit: 5 min | Push: 10 min
========================================
========================================
SessĂÂŁo iniciada: 2025-12-02 13:13:46
Commit: 5 min | Push: 10 min
========================================
========================================
SessĂÂŁo iniciada: 2025-12-02 13:49:46
Commit: 5 min | Push: 10 min
========================================
========================================
SessĂÂŁo iniciada: 2025-12-02 15:46:27
Commit: 5 min | Push: 10 min
========================================
========================================
SessĂÂŁo iniciada: 2025-12-02 16:37:26
Commit: 5 min | Push: 10 min
========================================
========================================
SessĂÂŁo iniciada: 2025-12-02 16:53:17
Commit: 5 min | Push: 10 min
========================================
========================================
SessĂÂŁo iniciada: 2025-12-03 07:53:40
Commit: 5 min | Push: 10 min
========================================
========================================
SessĂÂŁo iniciada: 2025-12-04 14:25:42
Commit: 5 min | Push: 10 min
========================================
========================================
SessĂÂŁo iniciada: 2025-12-04 14:27:10
Commit: 5 min | Push: 10 min
========================================
========================================
SessĂÂŁo iniciada: 2025-12-04 14:27:43
Commit: 5 min | Push: 10 min
========================================
========================================
Sessao iniciada: 2025-12-04 14:40:24
Commit: 1 min | Push: 2 min
========================================
========================================
Sessao iniciada: 2025-12-04 14:43:48
Commit: 5 min | Push: 10 min
========================================
2025-12-04 14:48:48 | COMMIT REALIZADO | 04fc376
2025-12-04 15:07:57 | COMMIT REALIZADO | af2ab3d
2025-12-04 15:18:26 | COMMIT REALIZADO | ada850d
2025-12-04 15:28:51 | COMMIT REALIZADO | d99f835
2025-12-04 15:38:55 | COMMIT REALIZADO | 90e42f6
2025-12-04 15:55:11 | COMMIT REALIZADO | b5272b9
2025-12-04 16:05:38 | COMMIT REALIZADO | 263ca2e
2025-12-04 16:16:05 | COMMIT REALIZADO | 6739e34
2025-12-04 16:59:41 | COMMIT REALIZADO | 5be65ac
2025-12-04 17:10:08 | COMMIT REALIZADO | 180b7ed
2025-12-04 17:20:39 | COMMIT REALIZADO | d90c805
2025-12-04 17:31:09 | COMMIT REALIZADO | 3054efc
2025-12-04 17:41:36 | COMMIT REALIZADO | ac9e9f8
2025-12-04 17:51:40 | COMMIT REALIZADO | 48428d5
2025-12-04 18:01:43 | COMMIT REALIZADO | 8de68e5
2025-12-04 18:11:46 | COMMIT REALIZADO | 160c030
2025-12-04 18:21:48 | COMMIT REALIZADO | 8bc2d35
========================================
Sessao iniciada: 2025-12-04 19:34:16
Commit: 5 min | Push: 10 min
========================================
2025-12-04 19:39:17 | COMMIT REALIZADO | ba21e5b
2025-12-04 19:49:43 | COMMIT REALIZADO | 435dbe4
2025-12-04 20:00:10 | COMMIT REALIZADO | 2838fc0
2025-12-04 20:10:38 | COMMIT REALIZADO | 39cbbe4
2025-12-04 20:21:07 | COMMIT REALIZADO | 3cb413b
2025-12-04 20:31:09 | COMMIT REALIZADO | dc7d3da
2025-12-04 20:47:11 | COMMIT REALIZADO | 500ebea
2025-12-04 20:57:41 | COMMIT REALIZADO | 3fa2a4a
2025-12-04 21:08:05 | COMMIT REALIZADO | 969ec72
2025-12-04 21:18:36 | COMMIT REALIZADO | d4eeb9d
2025-12-04 22:13:36 | COMMIT REALIZADO | c7df81e
2025-12-04 22:29:37 | COMMIT REALIZADO | cb656e8
2025-12-04 23:04:56 | COMMIT REALIZADO | 28ddb3f
2025-12-04 23:15:22 | COMMIT REALIZADO | 98f64f6
2025-12-04 23:25:50 | COMMIT REALIZADO | f98e663
2025-12-05 07:37:18 | COMMIT REALIZADO | 7578cb4
========================================
Sessao iniciada: 2025-12-05 08:21:33
Commit: 5 min | Push: 10 min
========================================
2025-12-05 08:26:33 | COMMIT REALIZADO | 5bc2b7a
2025-12-05 08:36:45 | COMMIT REALIZADO | aa9cd15
2025-12-05 08:47:12 | COMMIT REALIZADO | 49bc58e
2025-12-05 08:57:42 | COMMIT REALIZADO | 319911e
2025-12-05 09:08:10 | COMMIT REALIZADO | 2d0cc74
2025-12-05 09:18:35 | COMMIT REALIZADO | a8a5655
2025-12-05 09:29:01 | COMMIT REALIZADO | a309cf8
2025-12-05 09:39:06 | COMMIT REALIZADO | 4c5db76
2025-12-05 09:49:13 | COMMIT REALIZADO | 62d1220
2025-12-05 10:05:08 | COMMIT REALIZADO | 9a7734d
2025-12-05 10:15:37 | COMMIT REALIZADO | dd94050
2025-12-05 10:26:03 | COMMIT REALIZADO | 2e58362
2025-12-05 10:36:34 | COMMIT REALIZADO | f457928
2025-12-05 10:47:00 | COMMIT REALIZADO | 7b8ad4a
2025-12-05 10:57:29 | COMMIT REALIZADO | f9ec08b
2025-12-05 11:08:00 | COMMIT REALIZADO | 262b715
========================================
Sessao iniciada: 2025-12-05 13:45:22
Commit: 5 min | Push: 10 min
========================================
2025-12-05 13:50:23 | COMMIT REALIZADO | 082072b
2025-12-05 14:00:41 | COMMIT REALIZADO | 78a60e4
2025-12-05 14:11:09 | COMMIT REALIZADO | f380b00
2025-12-05 14:27:04 | COMMIT REALIZADO | 93a052c
2025-12-05 14:37:30 | COMMIT REALIZADO | d5fa54e
2025-12-05 14:47:55 | COMMIT REALIZADO | c5bc539
2025-12-05 14:58:26 | COMMIT REALIZADO | 421133f
2025-12-05 15:08:52 | COMMIT REALIZADO | 0c31f04
2025-12-05 15:19:22 | COMMIT REALIZADO | ffb6153
2025-12-05 15:29:47 | COMMIT REALIZADO | ac7d778
2025-12-05 15:40:17 | COMMIT REALIZADO | b2d4888
2025-12-05 15:50:45 | COMMIT REALIZADO | 802acb8
2025-12-05 16:00:58 | COMMIT REALIZADO | d283a24
2025-12-05 16:11:22 | COMMIT REALIZADO | 5caba21
2025-12-05 16:21:54 | COMMIT REALIZADO | eb7609a
2025-12-05 16:31:56 | COMMIT REALIZADO | 32668fc
2025-12-05 16:42:10 | COMMIT REALIZADO | 95d0f63
2025-12-05 16:47:12 | COMMIT REALIZADO | 2bf9f1b
========================================
Sessao iniciada: 2025-12-05 23:04:49
Commit: 5 min | Push: 10 min
========================================
2025-12-05 23:09:51 | COMMIT REALIZADO | 094aaf7
2025-12-05 23:20:03 | COMMIT REALIZADO | 7bbfe95
2025-12-05 23:30:15 | COMMIT REALIZADO | be24610
2025-12-05 23:47:46 | COMMIT REALIZADO | b4f5e6c
2025-12-05 23:52:48 | COMMIT REALIZADO | 84f07dd
